======== 2026-06-08 19:15:30 开始更新 ========
/Users/caozhaohui/Library/Python/3.9/lib/python/site-packages/urllib3/__init__.py:35: NotOpenSSLWarning: urllib3 v2 only supports OpenSSL 1.1.1+, currently the 'ssl' module is compiled with 'LibreSSL 2.8.3'. See: https://github.com/urllib3/urllib3/issues/3020
  warnings.warn(
==================================================
能化品种数据获取 + 价差计算
==================================================

[1/3] 拉取主力合约数据...
正在拉取 SC0 原油 (上期所)...
  -> 1988 条, 2018-03-26 ~ 2026-06-08, 已保存
正在拉取 PG0 LPG (大商所)...
  -> 1500 条, 2020-03-30 ~ 2026-06-08, 已保存
正在拉取 BU0 沥青 (上期所)...
  -> 3076 条, 2013-10-09 ~ 2026-06-08, 已保存
正在拉取 FU0 燃油 (上期所)...
  -> 5185 条, 2005-01-04 ~ 2026-06-08, 已保存
正在拉取 PP0 PP (大商所)...
  -> 2982 条, 2014-02-28 ~ 2026-06-08, 已保存
正在拉取 L0 PE (大商所)...
  -> 4585 条, 2007-07-31 ~ 2026-06-08, 已保存
正在拉取 TA0 PTA (郑商所)...
  -> 4728 条, 2006-12-19 ~ 2026-06-08, 已保存
正在拉取 MA0 甲醇 (郑商所)...
  -> 2774 条, 2014-12-24 ~ 2026-06-08, 已保存
正在拉取 PX0 PX (郑商所)...
  -> 656 条, 2023-09-15 ~ 2026-06-08, 已保存
正在拉取 EG0 EG (大商所)...
  -> 1814 条, 2018-12-10 ~ 2026-06-08, 已保存
正在拉取 EB0 EB (大商所)...
  -> 1620 条, 2019-09-26 ~ 2026-06-08, 已保存
正在拉取 BZ0 纯苯 (大商所)...
  -> 222 条, 2025-07-08 ~ 2026-06-08, 已保存

[2/3] 构建统一价格表 & 计算价差...
  价格表: 5215 天 × 12 个品种
  日期范围: 2005-01-04 ~ 2026-06-08
  价差表: 16 组价差

[3/3] 价差分析（近1年）...
            当前值   均值(1年)  标准差(1年)  Z-Score     历史最低     历史最高     百分位     预警
沥青-原油     54.00  -271.85   316.48     1.03 -1603.00   157.00   96.03   ✅ 正常
燃油-原油   -500.00  -707.33   141.58     1.46 -1109.00  -243.00   94.84   ✅ 正常
原油-LPG -1482.00  -808.18   305.99    -2.20 -1482.00    41.00    0.40   🔴 偏离
PP-LPG  1819.00  1666.13   342.31     0.45   910.80  2561.20   69.84   ✅ 正常
PP-原油   4496.00  3405.64   344.62     3.16  2377.00  4661.00   99.60   🔴 偏离
PE-原油   3653.00  3472.42   228.41     0.79  2287.00  4185.00   84.52   ✅ 正常
PP-PE    843.00   -66.78   327.36     2.78  -445.00   893.00   98.81   🔴 偏离
PX-原油   4509.00  3639.46   550.52     1.58  2852.00  4924.00   94.44  ⚠️ 关注
PTA-PX   569.69   338.53    81.42     2.84   106.79   569.69  100.00   🔴 偏离
EB-BZ   2692.20  2535.78   421.78     0.37  1947.80  3706.00   67.57   ✅ 正常
EB-原油   4380.00  3863.40   624.81     0.83  2850.00  5480.00   77.78   ✅ 正常
BZ-原油   3233.00  2662.22   506.23     1.13  1973.00  4143.00   83.33   ✅ 正常
PTA-EG  1818.00   952.41   558.12     1.55   283.00  2345.00   97.22  ⚠️ 关注
EG-原油    155.00   442.25   389.63    -0.74 -1060.00  1066.00   20.83   ✅ 正常
PP-3MA  -158.00  -123.14   215.87    -0.16 -1085.00   395.00   41.67   ✅ 正常
MA-原油  -1444.00 -1389.38   406.89    -0.13 -2827.00  -784.00   29.37   ✅ 正常

全部数据已保存到 /Users/caozhaohui/Documents/pythontrading/commodity_monitor/data/
  - PG0.csv, SC0.csv, BU0.csv, FU0.csv, PP0.csv, L0.csv, TA0.csv (原始数据)
  - price_table.csv (统一价格表)
  - spreads.csv (价差数据)
  - spread_stats.csv (价差统计)
======== 2026-06-08 19:15:45 更新完成 ========

